c:\users\naratena\documents\books\projects\credstealer\credstealer\credstealer\debug\vc142.pdb
c:\users\naratena\documents\books\projects\credstealer\credstealer\credstealer\debug\vc142.idb
c:\users\naratena\documents\books\projects\credstealer\credstealer\credstealer\debug\credstealer.obj
c:\users\naratena\documents\books\projects\credstealer\credstealer\debug\credstealer.pdb
c:\users\naratena\documents\books\projects\credstealer\credstealer\credstealer\debug\credstealer.tlog\cl.command.1.tlog
c:\users\naratena\documents\books\projects\credstealer\credstealer\credstealer\debug\credstealer.tlog\cl.read.1.tlog
c:\users\naratena\documents\books\projects\credstealer\credstealer\credstealer\debug\credstealer.tlog\cl.write.1.tlog
c:\users\naratena\documents\books\projects\credstealer\credstealer\credstealer\debug\credstealer.tlog\link-cvtres.read.1.tlog
c:\users\naratena\documents\books\projects\credstealer\credstealer\credstealer\debug\credstealer.tlog\link-cvtres.write.1.tlog
c:\users\naratena\documents\books\projects\credstealer\credstealer\credstealer\debug\credstealer.tlog\link-rc.read.1.tlog
c:\users\naratena\documents\books\projects\credstealer\credstealer\credstealer\debug\credstealer.tlog\link-rc.write.1.tlog
c:\users\naratena\documents\books\projects\credstealer\credstealer\credstealer\debug\credstealer.tlog\link.10788-cvtres.read.1.tlog
c:\users\naratena\documents\books\projects\credstealer\credstealer\credstealer\debug\credstealer.tlog\link.10788-cvtres.write.1.tlog
c:\users\naratena\documents\books\projects\credstealer\credstealer\credstealer\debug\credstealer.tlog\link.10788-rc.read.1.tlog
c:\users\naratena\documents\books\projects\credstealer\credstealer\credstealer\debug\credstealer.tlog\link.10788-rc.write.1.tlog
c:\users\naratena\documents\books\projects\credstealer\credstealer\credstealer\debug\credstealer.tlog\link.10788.read.1.tlog
c:\users\naratena\documents\books\projects\credstealer\credstealer\credstealer\debug\credstealer.tlog\link.10788.write.1.tlog
c:\users\naratena\documents\books\projects\credstealer\credstealer\credstealer\debug\credstealer.tlog\link.command.1.tlog
c:\users\naratena\documents\books\projects\credstealer\credstealer\credstealer\debug\credstealer.tlog\link.read.1.tlog
c:\users\naratena\documents\books\projects\credstealer\credstealer\credstealer\debug\credstealer.tlog\link.write.1.tlog
